<?xml version="1.0" encoding="UTF-8"?>
<testsuite xmlns:xsi="http://www.w3.org/2001/XMLSchema-instance" xsi:noNamespaceSchemaLocation="https://maven.apache.org/surefire/maven-surefire-plugin/xsd/surefire-test-report-3.0.xsd" version="3.0" name="com.sorts.metrics.MetricsIndicatorTest$StateMachine" time="0.034" tests="4" errors="0" skipped="0" failures="0">
  <properties>
[...]
</properties>
  <testcase name="nonFinalAndTimeoutRules" classname="com.sorts.metrics.MetricsIndicatorTest$StateMachine" time="0.018"/>
  <testcase name="fullTransitionMatrix" classname="com.sorts.metrics.MetricsIndicatorTest$StateMachine" time="0.01"/>
  <testcase name="legalChain" classname="com.sorts.metrics.MetricsIndicatorTest$StateMachine" time="0.001"/>
  <testcase name="finalStatesFrozen" classname="com.sorts.metrics.MetricsIndicatorTest$StateMachine" time="0.001"/>
</testsuite>